
Program:
1 	 FnDecl:
 		 (return type) Type: int
1 		 Identifier: factorial
1 		 (formals) VarDecl:
 			 Type: int
1 			 Identifier: n
 		 (body) StmtBlock:
 			 IfStmt:
3 				 (test) RelationalExpr:
3 					  FieldAccess:
3 						 Identifier: n
3 					 Operator: <=
3 					 IntConstant: 1
3 				 ReturnStmt:
3 					 (args) IntConstant: 1
4 			 ReturnStmt:
4 				 ArithmeticExpr:
4 					  FieldAccess:
4 						 Identifier: n
4 					 Operator: *
4 					  Call:
4 						 Identifier: factorial
4 						 (actuals) ArithmeticExpr:
4 							  FieldAccess:
4 								 Identifier: n
4 							 Operator: -
4 							 IntConstant: 1
7 	 FnDecl:
 		 (return type) Type: void
7 		 Identifier: main
 		 (body) StmtBlock:
9 			 VarDecl:
 				 Type: int
9 				 Identifier: n
 			 ForStmt:
10 				 (init) AssignExpr:
10 					  FieldAccess:
10 						 Identifier: n
10 					 Operator: =
10 					 IntConstant: 1
10 				 (test) RelationalExpr:
10 					  FieldAccess:
10 						 Identifier: n
10 					 Operator: <=
10 					 IntConstant: 15
10 				 (step) AssignExpr:
10 					  FieldAccess:
10 						 Identifier: n
10 					 Operator: =
10 					 ArithmeticExpr:
10 						  FieldAccess:
10 							 Identifier: n
10 						 Operator: +
10 						 IntConstant: 1
 				 PrintStmt:
11 					 (args) StringConstant: "Factorial("
11 					 (args) FieldAccess:
11 						 Identifier: n
11 					 (args) StringConstant: ") = "
11 					 (args) Call:
11 						 Identifier: factorial
11 						 (actuals)  FieldAccess:
11 							 Identifier: n
11 					 (args) StringConstant: "\n"
